Determining if the pthread_create exist failed with the following output:
Change Dir: /home/rical/rplidar_ros/CMakeFiles/CMakeTmp

Run Build Command:"/usr/bin/make" "cmTC_eeb0c/fast"
/usr/bin/make -f CMakeFiles/cmTC_eeb0c.dir/build.make CMakeFiles/cmTC_eeb0c.dir/build
make[1]: Entering directory '/home/rical/rplidar_ros/CMakeFiles/CMakeTmp'
Building C object CMakeFiles/cmTC_eeb0c.dir/CheckSymbolExists.c.o
/usr/bin/cc     -o CMakeFiles/cmTC_eeb0c.dir/CheckSymbolExists.c.o   -c /home/rical/rplidar_ros/CMakeFiles/CMakeTmp/CheckSymbolExists.c
Linking C executable cmTC_eeb0c
/usr/bin/cmake -E cmake_link_script CMakeFiles/cmTC_eeb0c.dir/link.txt --verbose=1
/usr/bin/cc       CMakeFiles/cmTC_eeb0c.dir/CheckSymbolExists.c.o  -o cmTC_eeb0c -rdynamic 
CMakeFiles/cmTC_eeb0c.dir/CheckSymbolExists.c.o: In function `main':
CheckSymbolExists.c:(.text+0xe): undefined reference to `pthread_create'
CheckSymbolExists.c:(.text+0x12): undefined reference to `pthread_create'
collect2: error: ld returned 1 exit status
CMakeFiles/cmTC_eeb0c.dir/build.make:97: recipe for target 'cmTC_eeb0c' failed
make[1]: *** [cmTC_eeb0c] Error 1
make[1]: Leaving directory '/home/rical/rplidar_ros/CMakeFiles/CMakeTmp'
Makefile:126: recipe for target 'cmTC_eeb0c/fast' failed
make: *** [cmTC_eeb0c/fast] Error 2

File /home/rical/rplidar_ros/CMakeFiles/CMakeTmp/CheckSymbolExists.c:
/* */
#include <pthread.h>

int main(int argc, char** argv)
{
  (void)argv;
#ifndef pthread_create
  return ((int*)(&pthread_create))[argc];
#else
  (void)argc;
  return 0;
#endif
}

Determining if the function pthread_create exists in the pthreads failed with the following output:
Change Dir: /home/rical/rplidar_ros/CMakeFiles/CMakeTmp

Run Build Command:"/usr/bin/make" "cmTC_c12ff/fast"
/usr/bin/make -f CMakeFiles/cmTC_c12ff.dir/build.make CMakeFiles/cmTC_c12ff.dir/build
make[1]: Entering directory '/home/rical/rplidar_ros/CMakeFiles/CMakeTmp'
Building C object CMakeFiles/cmTC_c12ff.dir/CheckFunctionExists.c.o
/usr/bin/cc    -DCHECK_FUNCTION_EXISTS=pthread_create   -o CMakeFiles/cmTC_c12ff.dir/CheckFunctionExists.c.o   -c /usr/share/cmake-3.5/Modules/CheckFunctionExists.c
Linking C executable cmTC_c12ff
/usr/bin/cmake -E cmake_link_script CMakeFiles/cmTC_c12ff.dir/link.txt --verbose=1
/usr/bin/cc   -DCHECK_FUNCTION_EXISTS=pthread_create    CMakeFiles/cmTC_c12ff.dir/CheckFunctionExists.c.o  -o cmTC_c12ff -rdynamic -lpthreads 
/usr/bin/ld: cannot find -lpthreads
collect2: error: ld returned 1 exit status
CMakeFiles/cmTC_c12ff.dir/build.make:97: recipe for target 'cmTC_c12ff' failed
make[1]: *** [cmTC_c12ff] Error 1
make[1]: Leaving directory '/home/rical/rplidar_ros/CMakeFiles/CMakeTmp'
Makefile:126: recipe for target 'cmTC_c12ff/fast' failed
make: *** [cmTC_c12ff/fast] Error 2


